This file contains any messages produced by compilers while
running configure, to aid debugging if configure makes a mistake.

It was created by FreeType configure 2.13.3, which was
generated by GNU Autoconf 2.72.  Invocation command line was

  $ ./configure --host=arm-buildroot-linux-gnueabihf --prefix=/home/zlj/zljgit/kerneltravel/Courses/Embedded_Linux_application_development/writing_APP_to_operate_hardware/FreeType/freetype-2.13.3/tmp

## --------- ##
## Platform. ##
## --------- ##

hostname = zlj-vm
uname -m = x86_64
uname -r = 5.15.0-139-generic
uname -s = Linux
uname -v = #149~20.04.1-Ubuntu SMP Wed Apr 16 08:29:56 UTC 2025

/usr/bin/uname -p = x86_64
/bin/uname -X     = unknown

/bin/arch              = x86_64
/usr/bin/arch -k       = unknown
/usr/convex/getsysinfo = unknown
/usr/bin/hostinfo      = unknown
/bin/machine           = unknown
/usr/bin/oslevel       = unknown
/bin/universe          = unknown

PATH: /home/zlj/bin/
PATH: /home/zlj/bin/
PATH: /usr/local/sbin/
PATH: /usr/local/bin/
PATH: /usr/sbin/
PATH: /usr/bin/
PATH: /sbin/
PATH: /bin/
PATH: /usr/games/
PATH: /usr/local/games/
PATH: /snap/bin/
PATH: /home/zlj/Codes/100ask_imx6ull-sdk/ToolChain/gcc-linaro-6.2.1-2016.11-x86_64_arm-linux-gnueabihf/bin/
PATH: /home/zlj/Codes/100ask_imx6ull-sdk/ToolChain/arm-buildroot-linux-gnueabihf_sdk-buildroot/bin/


## ----------- ##
## Core tests. ##
## ----------- ##

configure:2600: looking for aux files: install-sh ltmain.sh config.guess config.sub
configure:2613:  trying ./
configure:2624:   ./install-sh found
configure:2642:   ./ltmain.sh found
configure:2642:   ./config.guess found
configure:2642:   ./config.sub found
configure:2774: checking build system type
configure:2790: result: x86_64-pc-linux-gnu
configure:2810: checking host system type
configure:2825: result: arm-buildroot-linux-gnueabihf
configure:2866: checking for arm-buildroot-linux-gnueabihf-gcc
configure:2887: found /home/zlj/Codes/100ask_imx6ull-sdk/ToolChain/arm-buildroot-linux-gnueabihf_sdk-buildroot/bin/arm-buildroot-linux-gnueabihf-gcc
configure:2899: result: arm-buildroot-linux-gnueabihf-gcc
configure:3304: checking for C compiler version
configure:3313: arm-buildroot-linux-gnueabihf-gcc --version >&5
arm-buildroot-linux-gnueabihf-gcc.br_real (Buildroot 2020.02-gee85cab) 7.5.0
Copyright (C) 2017 Free Software Foundation, Inc.
This is free software; see the source for copying conditions.  There is NO
warranty; not even for MERCHANTABILITY or FITNESS FOR A PARTICULAR PURPOSE.

configure:3324: $? = 0
configure:3313: arm-buildroot-linux-gnueabihf-gcc -v >&5
Using built-in specs.
COLLECT_GCC=/home/zlj/Codes/100ask_imx6ull-sdk/ToolChain/arm-buildroot-linux-gnueabihf_sdk-buildroot/bin/arm-buildroot-linux-gnueabihf-gcc.br_real
COLLECT_LTO_WRAPPER=/home/zlj/Codes/100ask_imx6ull-sdk/ToolChain/arm-buildroot-linux-gnueabihf_sdk-buildroot/bin/../libexec/gcc/arm-buildroot-linux-gnueabihf/7.5.0/lto-wrapper
Target: arm-buildroot-linux-gnueabihf
Configured with: ./configure --prefix=/home/book/100ask_imx6ull-sdk/Buildroot_2020.02.x/output/host --sysconfdir=/home/book/100ask_imx6ull-sdk/Buildroot_2020.02.x/output/host/etc --enable-static --target=arm-buildroot-linux-gnueabihf --with-sysroot=/home/book/100ask_imx6ull-sdk/Buildroot_2020.02.x/output/host/arm-buildroot-linux-gnueabihf/sysroot --enable-__cxa_atexit --with-gnu-ld --disable-libssp --disable-multilib --disable-decimal-float --with-gmp=/home/book/100ask_imx6ull-sdk/Buildroot_2020.02.x/output/host --with-mpc=/home/book/100ask_imx6ull-sdk/Buildroot_2020.02.x/output/host --with-mpfr=/home/book/100ask_imx6ull-sdk/Buildroot_2020.02.x/output/host --with-pkgversion='Buildroot 2020.02-gee85cab' --with-bugurl=http://bugs.buildroot.net/ --disable-libquadmath --enable-tls --enable-plugins --enable-lto --enable-threads --with-isl=/home/book/100ask_imx6ull-sdk/Buildroot_2020.02.x/output/host --with-abi=aapcs-linux --with-cpu=cortex-a7 --with-fpu=neon-vfpv4 --with-float=hard --with-mode=arm --enable-languages=c,c++,fortran --with-build-time-tools=/home/book/100ask_imx6ull-sdk/Buildroot_2020.02.x/output/host/arm-buildroot-linux-gnueabihf/bin --enable-shared --enable-libgomp
Thread model: posix
gcc version 7.5.0 (Buildroot 2020.02-gee85cab) 
configure:3324: $? = 0
configure:3313: arm-buildroot-linux-gnueabihf-gcc -V >&5
arm-buildroot-linux-gnueabihf-gcc.br_real: error: unrecognized command line option '-V'
arm-buildroot-linux-gnueabihf-gcc.br_real: fatal error: no input files
compilation terminated.
configure:3324: $? = 1
configure:3313: arm-buildroot-linux-gnueabihf-gcc -qversion >&5
arm-buildroot-linux-gnueabihf-gcc.br_real: error: unrecognized command line option '-qversion'; did you mean '--version'?
arm-buildroot-linux-gnueabihf-gcc.br_real: fatal error: no input files
compilation terminated.
configure:3324: $? = 1
configure:3313: arm-buildroot-linux-gnueabihf-gcc -version >&5
arm-buildroot-linux-gnueabihf-gcc.br_real: error: unrecognized command line option '-version'
arm-buildroot-linux-gnueabihf-gcc.br_real: fatal error: no input files
compilation terminated.
configure:3324: $? = 1
configure:3344: checking whether the C compiler works
configure:3366: arm-buildroot-linux-gnueabihf-gcc    conftest.c  >&5
configure:3370: $? = 0
configure:3421: result: yes
configure:3425: checking for C compiler default output file name
configure:3427: result: a.out
configure:3433: checking for suffix of executables
configure:3440: arm-buildroot-linux-gnueabihf-gcc -o conftest    conftest.c  >&5
configure:3444: $? = 0
configure:3468: result: 
configure:3492: checking whether we are cross compiling
configure:3500: arm-buildroot-linux-gnueabihf-gcc -o conftest    conftest.c  >&5
configure:3504: $? = 0
configure:3511: ./conftest
./configure: line 3513: ./conftest: cannot execute binary file: Exec format error
configure:3515: $? = 126
configure:3503: result: yes
configure:3509: checking for suffix of object files
configure:3532: arm-buildroot-linux-gnueabihf-gcc -c   conftest.c >&5
configure:3536: $? = 0
configure:3560: result: o
configure:3564: checking whether the compiler supports GNU C
configure:3584: arm-buildroot-linux-gnueabihf-gcc -c   conftest.c >&5
configure:3584: $? = 0
configure:3596: result: yes
configure:3607: checking whether arm-buildroot-linux-gnueabihf-gcc accepts -g
configure:3628: arm-buildroot-linux-gnueabihf-gcc -c -g  conftest.c >&5
configure:3628: $? = 0
configure:3675: result: yes
configure:3695: checking for arm-buildroot-linux-gnueabihf-gcc option to enable C11 features
configure:3710: arm-buildroot-linux-gnueabihf-gcc  -c -g -O2  conftest.c >&5
configure:3710: $? = 0
configure:3729: result: none needed
configure:3852: checking how to run the C preprocessor
configure:3878: arm-buildroot-linux-gnueabihf-gcc -E  conftest.c
configure:3878: $? = 0
configure:3894: arm-buildroot-linux-gnueabihf-gcc -E  conftest.c
conftest.c:9:10: fatal error: ac_nonexistent.h: No such file or directory
 #include <ac_nonexistent.h>
          ^~~~~~~~~~~~~~~~~~
compilation terminated.
configure:3894: $? = 1
configure: failed program was:
| /* confdefs.h */
| #define PACKAGE_NAME "FreeType"
| #define PACKAGE_TARNAME "freetype"
| #define PACKAGE_VERSION "2.13.3"
| #define PACKAGE_STRING "FreeType 2.13.3"
| #define PACKAGE_BUGREPORT "freetype@nongnu.org"
| #define PACKAGE_URL ""
| /* end confdefs.h.  */
| #include <ac_nonexistent.h>
configure:3923: result: arm-buildroot-linux-gnueabihf-gcc -E
configure:3937: arm-buildroot-linux-gnueabihf-gcc -E  conftest.c
configure:3937: $? = 0
configure:3953: arm-buildroot-linux-gnueabihf-gcc -E  conftest.c
conftest.c:9:10: fatal error: ac_nonexistent.h: No such file or directory
 #include <ac_nonexistent.h>
          ^~~~~~~~~~~~~~~~~~
compilation terminated.
configure:3953: $? = 1
configure: failed program was:
| /* confdefs.h */
| #define PACKAGE_NAME "FreeType"
| #define PACKAGE_TARNAME "freetype"
| #define PACKAGE_VERSION "2.13.3"
| #define PACKAGE_STRING "FreeType 2.13.3"
| #define PACKAGE_BUGREPORT "freetype@nongnu.org"
| #define PACKAGE_URL ""
| /* end confdefs.h.  */
| #include <ac_nonexistent.h>
configure:3998: checking for arm-buildroot-linux-gnueabihf-pkg-config
configure:4037: result: no
configure:4047: checking for pkg-config
configure:4070: found /usr/bin/pkg-config
configure:4083: result: /usr/bin/pkg-config
configure:4095: WARNING: using cross tools not prefixed with host triplet
configure:4108: checking pkg-config is at least version 0.24
configure:4111: result: yes
configure:4168: checking how to print strings
configure:4195: result: printf
configure:4216: checking for a sed that does not truncate output
configure:4288: result: /usr/bin/sed
configure:4306: checking for grep that handles long lines and -e
configure:4372: result: /usr/bin/grep
configure:4377: checking for egrep
configure:4447: result: /usr/bin/grep -E
configure:4454: checking for fgrep
configure:4524: result: /usr/bin/grep -F
configure:4561: checking for ld used by arm-buildroot-linux-gnueabihf-gcc
configure:4630: result: /home/zlj/Codes/100ask_imx6ull-sdk/ToolChain/arm-buildroot-linux-gnueabihf_sdk-buildroot/arm-buildroot-linux-gnueabihf/bin/ld
configure:4637: checking if the linker (/home/zlj/Codes/100ask_imx6ull-sdk/ToolChain/arm-buildroot-linux-gnueabihf_sdk-buildroot/arm-buildroot-linux-gnueabihf/bin/ld) is GNU ld
configure:4654: result: yes
configure:4666: checking for BSD- or MS-compatible name lister (nm)
configure:4722: result: /home/zlj/Codes/100ask_imx6ull-sdk/ToolChain/arm-buildroot-linux-gnueabihf_sdk-buildroot/bin/arm-buildroot-linux-gnueabihf-nm -B
configure:4864: checking the name lister (/home/zlj/Codes/100ask_imx6ull-sdk/ToolChain/arm-buildroot-linux-gnueabihf_sdk-buildroot/bin/arm-buildroot-linux-gnueabihf-nm -B) interface
configure:4872: arm-buildroot-linux-gnueabihf-gcc -c -g -O2  conftest.c >&5
configure:4875: /home/zlj/Codes/100ask_imx6ull-sdk/ToolChain/arm-buildroot-linux-gnueabihf_sdk-buildroot/bin/arm-buildroot-linux-gnueabihf-nm -B "conftest.o"
configure:4878: output
00000000 B some_variable
configure:4886: result: BSD nm
configure:4889: checking whether ln -s works
configure:4893: result: yes
configure:4901: checking the maximum length of command line arguments
configure:5034: result: 1572864
configure:5082: checking how to convert x86_64-pc-linux-gnu file names to arm-buildroot-linux-gnueabihf format
configure:5124: result: func_convert_file_noop
configure:5131: checking how to convert x86_64-pc-linux-gnu file names to toolchain format
configure:5153: result: func_convert_file_noop
configure:5160: checking for /home/zlj/Codes/100ask_imx6ull-sdk/ToolChain/arm-buildroot-linux-gnueabihf_sdk-buildroot/arm-buildroot-linux-gnueabihf/bin/ld option to reload object files
configure:5169: result: -r
configure:5203: checking for arm-buildroot-linux-gnueabihf-file
configure:5239: result: no
configure:5249: checking for file
configure:5270: found /usr/bin/file
configure:5282: result: file
configure:5313: checking for arm-buildroot-linux-gnueabihf-objdump
configure:5334: found /home/zlj/Codes/100ask_imx6ull-sdk/ToolChain/arm-buildroot-linux-gnueabihf_sdk-buildroot/bin/arm-buildroot-linux-gnueabihf-objdump
configure:5346: result: arm-buildroot-linux-gnueabihf-objdump
configure:5421: checking how to recognize dependent libraries
configure:5623: result: pass_all
configure:5668: checking for arm-buildroot-linux-gnueabihf-dlltool
configure:5704: result: no
configure:5714: checking for dlltool
configure:5750: result: no
configure:5777: checking how to associate runtime and link libraries
configure:5806: result: printf %s\n
configure:5823: checking for arm-buildroot-linux-gnueabihf-ar
configure:5844: found /home/zlj/Codes/100ask_imx6ull-sdk/ToolChain/arm-buildroot-linux-gnueabihf_sdk-buildroot/bin/arm-buildroot-linux-gnueabihf-ar
configure:5856: result: arm-buildroot-linux-gnueabihf-ar
configure:5959: checking for archiver @FILE support
configure:5977: arm-buildroot-linux-gnueabihf-gcc -c -g -O2  conftest.c >&5
configure:5977: $? = 0
configure:5981: arm-buildroot-linux-gnueabihf-ar cr libconftest.a @conftest.lst >&5
configure:5984: $? = 0
configure:5989: arm-buildroot-linux-gnueabihf-ar cr libconftest.a @conftest.lst >&5
arm-buildroot-linux-gnueabihf-ar: conftest.o: No such file or directory
configure:5992: $? = 1
configure:6005: result: @
configure:6023: checking for arm-buildroot-linux-gnueabihf-strip
configure:6044: found /home/zlj/Codes/100ask_imx6ull-sdk/ToolChain/arm-buildroot-linux-gnueabihf_sdk-buildroot/bin/arm-buildroot-linux-gnueabihf-strip
configure:6056: result: arm-buildroot-linux-gnueabihf-strip
configure:6134: checking for arm-buildroot-linux-gnueabihf-ranlib
configure:6155: found /home/zlj/Codes/100ask_imx6ull-sdk/ToolChain/arm-buildroot-linux-gnueabihf_sdk-buildroot/bin/arm-buildroot-linux-gnueabihf-ranlib
configure:6167: result: arm-buildroot-linux-gnueabihf-ranlib
configure:6290: checking for gawk
configure:6311: found /home/zlj/Codes/100ask_imx6ull-sdk/ToolChain/arm-buildroot-linux-gnueabihf_sdk-buildroot/bin/gawk
configure:6323: result: gawk
configure:6363: checking command to parse /home/zlj/Codes/100ask_imx6ull-sdk/ToolChain/arm-buildroot-linux-gnueabihf_sdk-buildroot/bin/arm-buildroot-linux-gnueabihf-nm -B output from arm-buildroot-linux-gnueabihf-gcc object
configure:6517: arm-buildroot-linux-gnueabihf-gcc -c -g -O2  conftest.c >&5
configure:6520: $? = 0
configure:6524: /home/zlj/Codes/100ask_imx6ull-sdk/ToolChain/arm-buildroot-linux-gnueabihf_sdk-buildroot/bin/arm-buildroot-linux-gnueabihf-nm -B conftest.o \| /usr/bin/sed -n -e 's/^.*[ ]\([ABCDGIRSTW][ABCDGIRSTW]*\)[ ][ ]*\([_A-Za-z][_A-Za-z0-9]*\)$/\1 \2 \2/p' | /usr/bin/sed '/ __gnu_lto/d' \> conftest.nm
configure:6527: $? = 0
configure:6593: arm-buildroot-linux-gnueabihf-gcc -o conftest -g -O2   conftest.c conftstm.o >&5
configure:6596: $? = 0
configure:6635: result: ok
configure:6682: checking for sysroot
configure:6714: result: no
configure:6721: checking for a working dd
configure:6766: result: /usr/bin/dd
configure:6770: checking how to truncate binary pipes
configure:6787: result: /usr/bin/dd bs=4096 count=1
configure:7081: checking for arm-buildroot-linux-gnueabihf-mt
configure:7117: result: no
configure:7127: checking for mt
configure:7148: found /usr/bin/mt
configure:7160: result: mt
configure:7183: checking if mt is a manifest tool
configure:7190: mt '-?'
configure:7199: result: no
configure:7938: checking for stdio.h
configure:7938: arm-buildroot-linux-gnueabihf-gcc -c -g -O2  conftest.c >&5
configure:7938: $? = 0
configure:7938: result: yes
configure:7938: checking for stdlib.h
configure:7938: arm-buildroot-linux-gnueabihf-gcc -c -g -O2  conftest.c >&5
configure:7938: $? = 0
configure:7938: result: yes
configure:7938: checking for string.h
configure:7938: arm-buildroot-linux-gnueabihf-gcc -c -g -O2  conftest.c >&5
configure:7938: $? = 0
configure:7938: result: yes
configure:7938: checking for inttypes.h
configure:7938: arm-buildroot-linux-gnueabihf-gcc -c -g -O2  conftest.c >&5
configure:7938: $? = 0
configure:7938: result: yes
configure:7938: checking for stdint.h
configure:7938: arm-buildroot-linux-gnueabihf-gcc -c -g -O2  conftest.c >&5
configure:7938: $? = 0
configure:7938: result: yes
configure:7938: checking for strings.h
configure:7938: arm-buildroot-linux-gnueabihf-gcc -c -g -O2  conftest.c >&5
configure:7938: $? = 0
configure:7938: result: yes
configure:7938: checking for sys/stat.h
configure:7938: arm-buildroot-linux-gnueabihf-gcc -c -g -O2  conftest.c >&5
configure:7938: $? = 0
configure:7938: result: yes
configure:7938: checking for sys/types.h
configure:7938: arm-buildroot-linux-gnueabihf-gcc -c -g -O2  conftest.c >&5
configure:7938: $? = 0
configure:7938: result: yes
configure:7938: checking for unistd.h
configure:7938: arm-buildroot-linux-gnueabihf-gcc -c -g -O2  conftest.c >&5
configure:7938: $? = 0
configure:7938: result: yes
configure:7938: checking for sys/param.h
configure:7938: arm-buildroot-linux-gnueabihf-gcc -c -g -O2  conftest.c >&5
configure:7938: $? = 0
configure:7938: result: yes
configure:7963: checking for dlfcn.h
configure:7963: arm-buildroot-linux-gnueabihf-gcc -c -g -O2  conftest.c >&5
configure:7963: $? = 0
configure:7963: result: yes
configure:8562: checking for objdir
configure:8579: result: .libs
configure:8841: checking if arm-buildroot-linux-gnueabihf-gcc supports -fno-rtti -fno-exceptions
configure:8860: arm-buildroot-linux-gnueabihf-gcc -c -g -O2  -fno-rtti -fno-exceptions conftest.c >&5
cc1: warning: command line option '-fno-rtti' is valid for C++/ObjC++ but not for C
configure:8864: $? = 0
configure:8878: result: no
configure:9236: checking for arm-buildroot-linux-gnueabihf-gcc option to produce PIC
configure:9245: result: -fPIC -DPIC
configure:9253: checking if arm-buildroot-linux-gnueabihf-gcc PIC flag -fPIC -DPIC works
configure:9272: arm-buildroot-linux-gnueabihf-gcc -c -g -O2  -fPIC -DPIC -DPIC conftest.c >&5
configure:9276: $? = 0
configure:9290: result: yes
configure:9319: checking if arm-buildroot-linux-gnueabihf-gcc static flag -static works
configure:9349: result: yes
configure:9364: checking if arm-buildroot-linux-gnueabihf-gcc supports -c -o file.o
configure:9386: arm-buildroot-linux-gnueabihf-gcc -c -g -O2  -o out/conftest2.o conftest.c >&5
configure:9390: $? = 0
configure:9413: result: yes
configure:9421: checking if arm-buildroot-linux-gnueabihf-gcc supports -c -o file.o
configure:9470: result: yes
configure:9503: checking whether the arm-buildroot-linux-gnueabihf-gcc linker (/home/zlj/Codes/100ask_imx6ull-sdk/ToolChain/arm-buildroot-linux-gnueabihf_sdk-buildroot/arm-buildroot-linux-gnueabihf/bin/ld) supports shared libraries
configure:10776: result: yes
configure:10813: checking whether -lc should be explicitly linked in
configure:10822: arm-buildroot-linux-gnueabihf-gcc -c -g -O2  conftest.c >&5
configure:10825: $? = 0
configure:10840: arm-buildroot-linux-gnueabihf-gcc -shared  -fPIC -DPIC conftest.o  -v -Wl,-soname -Wl,conftest -o conftest 2\>\&1 \| /usr/bin/grep  -lc  \>/dev/null 2\>\&1
configure:10843: $? = 0
configure:10858: result: no
configure:11018: checking dynamic linker characteristics
configure:11600: arm-buildroot-linux-gnueabihf-gcc -o conftest -g -O2   -Wl,-rpath -Wl,/foo conftest.c  >&5
configure:11600: $? = 0
configure:11840: result: GNU/Linux ld.so
configure:11962: checking how to hardcode library paths into programs
configure:11987: result: immediate
configure:12587: checking whether stripping libraries is possible
configure:12596: result: yes
configure:12638: checking if libtool supports shared libraries
configure:12640: result: yes
configure:12643: checking whether to build shared libraries
configure:12668: result: yes
configure:12671: checking whether to build static libraries
configure:12675: result: yes
configure:12712: checking for windows.h
configure:12712: arm-buildroot-linux-gnueabihf-gcc -c -g -O2  conftest.c >&5
conftest.c:50:10: fatal error: windows.h: No such file or directory
 #include <windows.h>
          ^~~~~~~~~~~
compilation terminated.
configure:12712: $? = 1
configure: failed program was:
| /* confdefs.h */
| #define PACKAGE_NAME "FreeType"
| #define PACKAGE_TARNAME "freetype"
| #define PACKAGE_VERSION "2.13.3"
| #define PACKAGE_STRING "FreeType 2.13.3"
| #define PACKAGE_BUGREPORT "freetype@nongnu.org"
| #define PACKAGE_URL ""
| #define HAVE_STDIO_H 1
| #define HAVE_STDLIB_H 1
| #define HAVE_STRING_H 1
| #define HAVE_INTTYPES_H 1
| #define HAVE_STDINT_H 1
| #define HAVE_STRINGS_H 1
| #define HAVE_SYS_STAT_H 1
| #define HAVE_SYS_TYPES_H 1
| #define HAVE_UNISTD_H 1
| #define HAVE_SYS_PARAM_H 1
| #define STDC_HEADERS 1
| #define HAVE_DLFCN_H 1
| #define LT_OBJDIR ".libs/"
| /* end confdefs.h.  */
| #include <stddef.h>
| #ifdef HAVE_STDIO_H
| # include <stdio.h>
| #endif
| #ifdef HAVE_STDLIB_H
| # include <stdlib.h>
| #endif
| #ifdef HAVE_STRING_H
| # include <string.h>
| #endif
| #ifdef HAVE_INTTYPES_H
| # include <inttypes.h>
| #endif
| #ifdef HAVE_STDINT_H
| # include <stdint.h>
| #endif
| #ifdef HAVE_STRINGS_H
| # include <strings.h>
| #endif
| #ifdef HAVE_SYS_TYPES_H
| # include <sys/types.h>
| #endif
| #ifdef HAVE_SYS_STAT_H
| # include <sys/stat.h>
| #endif
| #ifdef HAVE_UNISTD_H
| # include <unistd.h>
| #endif
| #include <windows.h>
configure:12712: result: no
configure:12905: checking for x86_64-pc-linux-gnu-gcc
configure:12941: result: no
configure:12948: checking for gcc
configure:12969: found /usr/bin/gcc
configure:12981: result: gcc
configure:12991: checking for gcc
configure:13041: result: gcc
configure:13051: checking for suffix of native executables
configure:13065: result: 
configure:13096: checking for a BSD-compatible install
configure:13170: result: /usr/bin/install -c
configure:13190: checking for a race-free mkdir -p
configure:13233: result: /usr/bin/mkdir -p
configure:13247: checking for fcntl.h
configure:13247: arm-buildroot-linux-gnueabihf-gcc -c -g -O2  conftest.c >&5
configure:13247: $? = 0
configure:13247: result: yes
configure:13253: checking for unistd.h
configure:13253: result: yes
configure:13264: checking for an ANSI C-conforming const
configure:13331: arm-buildroot-linux-gnueabihf-gcc -c -g -O2  conftest.c >&5
configure:13331: $? = 0
configure:13341: result: yes
configure:13376: checking for arm-buildroot-linux-gnueabihf-gcc option to enable large file support
configure:13411: arm-buildroot-linux-gnueabihf-gcc -c -g -O2  conftest.c >&5
conftest.c:32:39: warning: result of '-2147483648 << 31' requires 63 bits to represent, but 'long int' only has 32 bits [-Wshift-overflow=]
 #define LARGE_FTYPE (((FTYPE) 1 << 31 << 31) - 1 + ((FTYPE) 1 << 31 << 31))
                                       ^
conftest.c:33:23: note: in expansion of macro 'LARGE_FTYPE'
   int FTYPE_is_large[(LARGE_FTYPE % 2147483629 == 721
                       ^~~~~~~~~~~
conftest.c:32:69: warning: result of '-2147483648 << 31' requires 63 bits to represent, but 'long int' only has 32 bits [-Wshift-overflow=]
 #define LARGE_FTYPE (((FTYPE) 1 << 31 << 31) - 1 + ((FTYPE) 1 << 31 << 31))
                                                                     ^
conftest.c:33:23: note: in expansion of macro 'LARGE_FTYPE'
   int FTYPE_is_large[(LARGE_FTYPE % 2147483629 == 721
                       ^~~~~~~~~~~
conftest.c:32:39: warning: result of '-2147483648 << 31' requires 63 bits to represent, but 'long int' only has 32 bits [-Wshift-overflow=]
 #define LARGE_FTYPE (((FTYPE) 1 << 31 << 31) - 1 + ((FTYPE) 1 << 31 << 31))
                                       ^
conftest.c:34:13: note: in expansion of macro 'LARGE_FTYPE'
          && LARGE_FTYPE % 2147483647 == 1)
             ^~~~~~~~~~~
conftest.c:32:69: warning: result of '-2147483648 << 31' requires 63 bits to represent, but 'long int' only has 32 bits [-Wshift-overflow=]
 #define LARGE_FTYPE (((FTYPE) 1 << 31 << 31) - 1 + ((FTYPE) 1 << 31 << 31))
                                                                     ^
conftest.c:34:13: note: in expansion of macro 'LARGE_FTYPE'
          && LARGE_FTYPE % 2147483647 == 1)
             ^~~~~~~~~~~
conftest.c:33:7: error: variably modified 'FTYPE_is_large' at file scope
   int FTYPE_is_large[(LARGE_FTYPE % 2147483629 == 721
       ^~~~~~~~~~~~~~
configure:13411: $? = 1
configure: failed program was:
| /* confdefs.h */
| #define PACKAGE_NAME "FreeType"
| #define PACKAGE_TARNAME "freetype"
| #define PACKAGE_VERSION "2.13.3"
| #define PACKAGE_STRING "FreeType 2.13.3"
| #define PACKAGE_BUGREPORT "freetype@nongnu.org"
| #define PACKAGE_URL ""
| #define HAVE_STDIO_H 1
| #define HAVE_STDLIB_H 1
| #define HAVE_STRING_H 1
| #define HAVE_INTTYPES_H 1
| #define HAVE_STDINT_H 1
| #define HAVE_STRINGS_H 1
| #define HAVE_SYS_STAT_H 1
| #define HAVE_SYS_TYPES_H 1
| #define HAVE_UNISTD_H 1
| #define HAVE_SYS_PARAM_H 1
| #define STDC_HEADERS 1
| #define HAVE_DLFCN_H 1
| #define LT_OBJDIR ".libs/"
| #define HAVE_FCNTL_H 1
| #define HAVE_UNISTD_H 1
| /* end confdefs.h.  */
| #include <sys/types.h>
| #ifndef FTYPE
| # define FTYPE off_t
| #endif
|  /* Check that FTYPE can represent 2**63 - 1 correctly.
|     We can't simply define LARGE_FTYPE to be 9223372036854775807,
|     since some C++ compilers masquerading as C compilers
|     incorrectly reject 9223372036854775807.  */
| #define LARGE_FTYPE (((FTYPE) 1 << 31 << 31) - 1 + ((FTYPE) 1 << 31 << 31))
|   int FTYPE_is_large[(LARGE_FTYPE % 2147483629 == 721
| 		       && LARGE_FTYPE % 2147483647 == 1)
| 		      ? 1 : -1];
| int
| main (void)
| {
| 
|   ;
|   return 0;
| }
configure:13411: arm-buildroot-linux-gnueabihf-gcc -D_FILE_OFFSET_BITS=64 -c -g -O2  conftest.c >&5
configure:13411: $? = 0
configure:13442: result: -D_FILE_OFFSET_BITS=64
configure:13574: checking for getpagesize
configure:13574: arm-buildroot-linux-gnueabihf-gcc -o conftest -g -O2   conftest.c  >&5
configure:13574: $? = 0
configure:13574: result: yes
configure:13585: checking for working mmap
configure:13749: result: yes
configure:13761: checking for arm-buildroot-linux-gnueabihf-gcc options needed to detect all undeclared functions
configure:13783: arm-buildroot-linux-gnueabihf-gcc -c -g -O2   conftest.c >&5
conftest.c: In function 'main':
conftest.c:31:8: error: 'strchr' undeclared (first use in this function)
 (void) strchr;
        ^~~~~~
conftest.c:31:8: note: each undeclared identifier is reported only once for each function it appears in
configure:13783: $? = 1
configure: failed program was:
| /* confdefs.h */
| #define PACKAGE_NAME "FreeType"
| #define PACKAGE_TARNAME "freetype"
| #define PACKAGE_VERSION "2.13.3"
| #define PACKAGE_STRING "FreeType 2.13.3"
| #define PACKAGE_BUGREPORT "freetype@nongnu.org"
| #define PACKAGE_URL ""
| #define HAVE_STDIO_H 1
| #define HAVE_STDLIB_H 1
| #define HAVE_STRING_H 1
| #define HAVE_INTTYPES_H 1
| #define HAVE_STDINT_H 1
| #define HAVE_STRINGS_H 1
| #define HAVE_SYS_STAT_H 1
| #define HAVE_SYS_TYPES_H 1
| #define HAVE_UNISTD_H 1
| #define HAVE_SYS_PARAM_H 1
| #define STDC_HEADERS 1
| #define HAVE_DLFCN_H 1
| #define LT_OBJDIR ".libs/"
| #define HAVE_FCNTL_H 1
| #define HAVE_UNISTD_H 1
| #define _FILE_OFFSET_BITS 64
| #define HAVE_GETPAGESIZE 1
| #define HAVE_MMAP 1
| /* end confdefs.h.  */
| 
| int
| main (void)
| {
| (void) strchr;
|   ;
|   return 0;
| }
configure:13810: arm-buildroot-linux-gnueabihf-gcc -c -g -O2   conftest.c >&5
configure:13810: $? = 0
configure:13830: result: none needed
configure:13844: checking whether munmap is declared
configure:13844: arm-buildroot-linux-gnueabihf-gcc -c -g -O2   conftest.c >&5
configure:13844: $? = 0
configure:13844: result: yes
configure:13863: checking for munmap's first parameter type
configure:13877: arm-buildroot-linux-gnueabihf-gcc -c -g -O2  conftest.c >&5
configure:13877: $? = 0
configure:13879: result: void *
configure:13923: checking arm-buildroot-linux-gnueabihf-gcc compiler flag -pedantic to assure ANSI C99 works correctly
configure:13950: arm-buildroot-linux-gnueabihf-gcc -c -g -O2  -pedantic  conftest.c >&5
configure:13950: $? = 0
configure:13952: result: ok, adding to XX_ANSIFLAGS
configure:13923: checking arm-buildroot-linux-gnueabihf-gcc compiler flag -std=c99 to assure ANSI C99 works correctly
configure:13950: arm-buildroot-linux-gnueabihf-gcc -c -g -O2  -pedantic -std=c99  conftest.c >&5
configure:13950: $? = 0
configure:13952: result: ok, adding to XX_ANSIFLAGS
configure:13987: checking for -fvisibility=hidden compiler flag
configure:14002: arm-buildroot-linux-gnueabihf-gcc -o conftest -g -O2 -fvisibility=hidden   conftest.c  >&5
configure:14002: $? = 0
configure:14005: result: yes
configure:14083: $PKG_CONFIG --exists --print-errors "$zlib_pkg"
configure:14086: $? = 0
configure:14093: checking for ZLIB
configure:14100: $PKG_CONFIG --exists --print-errors "$zlib_pkg"
configure:14103: $? = 0
configure:14117: $PKG_CONFIG --exists --print-errors "$zlib_pkg"
configure:14120: $? = 0
configure:14158: result: yes
configure:14269: $PKG_CONFIG --exists --print-errors "$bzip2_pkg"
Package bzip2 was not found in the pkg-config search path.
Perhaps you should add the directory containing `bzip2.pc'
to the PKG_CONFIG_PATH environment variable
No package 'bzip2' found
configure:14272: $? = 1
configure:14279: checking for BZIP2
configure:14286: $PKG_CONFIG --exists --print-errors "$bzip2_pkg"
Package bzip2 was not found in the pkg-config search path.
Perhaps you should add the directory containing `bzip2.pc'
to the PKG_CONFIG_PATH environment variable
No package 'bzip2' found
configure:14289: $? = 1
configure:14303: $PKG_CONFIG --exists --print-errors "$bzip2_pkg"
Package bzip2 was not found in the pkg-config search path.
Perhaps you should add the directory containing `bzip2.pc'
to the PKG_CONFIG_PATH environment variable
No package 'bzip2' found
configure:14306: $? = 1
configure:14320: result: no
No package 'bzip2' found
configure:14364: checking for BZ2_bzDecompress in -lbz2
configure:14393: arm-buildroot-linux-gnueabihf-gcc -o conftest -g -O2 -fvisibility=hidden   conftest.c -lbz2   >&5
configure:14393: $? = 0
configure:14405: result: yes
configure:14409: checking for bzlib.h
configure:14409: arm-buildroot-linux-gnueabihf-gcc -c -g -O2 -fvisibility=hidden  conftest.c >&5
configure:14409: $? = 0
configure:14409: result: yes
configure:14449: $PKG_CONFIG --exists --print-errors "$libpng_pkg"
Package libpng was not found in the pkg-config search path.
Perhaps you should add the directory containing `libpng.pc'
to the PKG_CONFIG_PATH environment variable
No package 'libpng' found
configure:14452: $? = 1
configure:14459: checking for LIBPNG
configure:14466: $PKG_CONFIG --exists --print-errors "$libpng_pkg"
Package libpng was not found in the pkg-config search path.
Perhaps you should add the directory containing `libpng.pc'
to the PKG_CONFIG_PATH environment variable
No package 'libpng' found
configure:14469: $? = 1
configure:14483: $PKG_CONFIG --exists --print-errors "$libpng_pkg"
Package libpng was not found in the pkg-config search path.
Perhaps you should add the directory containing `libpng.pc'
to the PKG_CONFIG_PATH environment variable
No package 'libpng' found
configure:14486: $? = 1
configure:14500: result: no
No package 'libpng' found
configure:14546: checking for libpng-config
configure:14580: result: no
configure:14623: $PKG_CONFIG --exists --print-errors "$harfbuzz_pkg"
Package harfbuzz was not found in the pkg-config search path.
Perhaps you should add the directory containing `harfbuzz.pc'
to the PKG_CONFIG_PATH environment variable
No package 'harfbuzz' found
configure:14626: $? = 1
configure:14633: checking for HARFBUZZ
configure:14640: $PKG_CONFIG --exists --print-errors "$harfbuzz_pkg"
Package harfbuzz was not found in the pkg-config search path.
Perhaps you should add the directory containing `harfbuzz.pc'
to the PKG_CONFIG_PATH environment variable
No package 'harfbuzz' found
configure:14643: $? = 1
configure:14657: $PKG_CONFIG --exists --print-errors "$harfbuzz_pkg"
Package harfbuzz was not found in the pkg-config search path.
Perhaps you should add the directory containing `harfbuzz.pc'
to the PKG_CONFIG_PATH environment variable
No package 'harfbuzz' found
configure:14660: $? = 1
configure:14674: result: no
No package 'harfbuzz' found
configure:14749: $PKG_CONFIG --exists --print-errors "$brotli_pkg"
Package libbrotlidec was not found in the pkg-config search path.
Perhaps you should add the directory containing `libbrotlidec.pc'
to the PKG_CONFIG_PATH environment variable
No package 'libbrotlidec' found
configure:14752: $? = 1
configure:14759: checking for BROTLI
configure:14766: $PKG_CONFIG --exists --print-errors "$brotli_pkg"
Package libbrotlidec was not found in the pkg-config search path.
Perhaps you should add the directory containing `libbrotlidec.pc'
to the PKG_CONFIG_PATH environment variable
No package 'libbrotlidec' found
configure:14769: $? = 1
configure:14783: $PKG_CONFIG --exists --print-errors "$brotli_pkg"
Package libbrotlidec was not found in the pkg-config search path.
Perhaps you should add the directory containing `libbrotlidec.pc'
to the PKG_CONFIG_PATH environment variable
No package 'libbrotlidec' found
configure:14786: $? = 1
configure:14800: result: no
No package 'libbrotlidec' found
configure:14866: checking for library containing clock_gettime
configure:14902: arm-buildroot-linux-gnueabihf-gcc -o conftest -g -O2 -fvisibility=hidden   conftest.c  >&5
configure:14902: $? = 0
configure:14924: result: none required
configure:14954: checking for LIBRSVG
configure:14961: $PKG_CONFIG --exists --print-errors "librsvg-2.0 >= 2.46.0"
Package librsvg-2.0 was not found in the pkg-config search path.
Perhaps you should add the directory containing `librsvg-2.0.pc'
to the PKG_CONFIG_PATH environment variable
No package 'librsvg-2.0' found
configure:14964: $? = 1
configure:14978: $PKG_CONFIG --exists --print-errors "librsvg-2.0 >= 2.46.0"
Package librsvg-2.0 was not found in the pkg-config search path.
Perhaps you should add the directory containing `librsvg-2.0.pc'
to the PKG_CONFIG_PATH environment variable
No package 'librsvg-2.0' found
configure:14981: $? = 1
configure:14995: result: no
No package 'librsvg-2.0' found
configure:15639: checking target system type
configure:15654: result: arm-buildroot-linux-gnueabihf
configure:15681: checking for egrep -e
configure:15811: result: /usr/bin/grep -E
configure:15981: checking whether arm-buildroot-linux-gnueabihf-gcc is Clang
configure:16009: result: no
configure:16075: checking whether pthreads work with "-pthread" and "-lpthread"
configure:16187: arm-buildroot-linux-gnueabihf-gcc -o conftest -g -O2 -fvisibility=hidden -pthread   conftest.c -lpthread  >&5
configure:16187: $? = 0
configure:16197: result: yes
configure:16321: checking for joinable pthread attribute
configure:16340: arm-buildroot-linux-gnueabihf-gcc -o conftest -g -O2 -fvisibility=hidden -pthread   conftest.c -lpthread  >&5
configure:16340: $? = 0
configure:16350: result: PTHREAD_CREATE_JOINABLE
configure:16363: checking whether more special flags are required for pthreads
configure:16378: result: no
configure:16387: checking for PTHREAD_PRIO_INHERIT
configure:16405: arm-buildroot-linux-gnueabihf-gcc -o conftest -g -O2 -fvisibility=hidden -pthread   conftest.c -lpthread  >&5
configure:16405: $? = 0
configure:16417: result: yes
configure:16603: checking for python3
configure:16624: found /usr/bin/python3
configure:16636: result: python3
configure:16658: checking for python version
configure:16663: result: 3.8.10
configure:16724: checking for `docwriter' Python module
configure:16732: result: no
configure:17002: creating ./config.status

## ---------------------- ##
## Running config.status. ##
## ---------------------- ##

This file was extended by FreeType config.status 2.13.3, which was
generated by GNU Autoconf 2.72.  Invocation command line was

  CONFIG_FILES    = 
  CONFIG_HEADERS  = 
  CONFIG_LINKS    = 
  CONFIG_COMMANDS = 
  $ ./config.status 

on zlj-vm

config.status:1148: creating ftoption.h
config.status:1148: creating unix-cc.mk
config.status:1148: creating unix-def.mk
config.status:1148: creating ftconfig.h
config.status:1329: ftconfig.h is unchanged
config.status:1343: executing libtool commands
configure:19248:

Library configuration:
  external zlib: yes (pkg-config)
  bzip2:         yes (autoconf test)
  libpng:        no
  harfbuzz:      no
  brotli:        no
  pthread:       yes

configure:19272: WARNING:
  `make refdoc' will fail since pip package `docwriter' is not installed.
  To install, run `python3 -m pip install docwriter', or to use a Python
  virtual environment, run `make refdoc-venv' (requires pip package
  `virtualenv').  These operations require Python >= 3.5.
  

## ---------------- ##
## Cache variables. ##
## ---------------- ##

ac_cv_build=x86_64-pc-linux-gnu
ac_cv_c_compiler_gnu=yes
ac_cv_c_const=yes
ac_cv_c_undeclared_builtin_options='none needed'
ac_cv_env_BROTLI_CFLAGS_set=
ac_cv_env_BROTLI_CFLAGS_value=
ac_cv_env_BROTLI_LIBS_set=
ac_cv_env_BROTLI_LIBS_value=
ac_cv_env_BZIP2_CFLAGS_set=
ac_cv_env_BZIP2_CFLAGS_value=
ac_cv_env_BZIP2_LIBS_set=
ac_cv_env_BZIP2_LIBS_value=
ac_cv_env_CC_set=
ac_cv_env_CC_value=
ac_cv_env_CFLAGS_set=
ac_cv_env_CFLAGS_value=
ac_cv_env_CPPFLAGS_set=
ac_cv_env_CPPFLAGS_value=
ac_cv_env_CPP_set=
ac_cv_env_CPP_value=
ac_cv_env_HARFBUZZ_CFLAGS_set=
ac_cv_env_HARFBUZZ_CFLAGS_value=
ac_cv_env_HARFBUZZ_LIBS_set=
ac_cv_env_HARFBUZZ_LIBS_value=
ac_cv_env_LDFLAGS_set=
ac_cv_env_LDFLAGS_value=
ac_cv_env_LIBPNG_CFLAGS_set=
ac_cv_env_LIBPNG_CFLAGS_value=
ac_cv_env_LIBPNG_LIBS_set=
ac_cv_env_LIBPNG_LIBS_value=
ac_cv_env_LIBRSVG_CFLAGS_set=
ac_cv_env_LIBRSVG_CFLAGS_value=
ac_cv_env_LIBRSVG_LIBS_set=
ac_cv_env_LIBRSVG_LIBS_value=
ac_cv_env_LIBS_set=
ac_cv_env_LIBS_value=
ac_cv_env_LT_SYS_LIBRARY_PATH_set=
ac_cv_env_LT_SYS_LIBRARY_PATH_value=
ac_cv_env_PKG_CONFIG_LIBDIR_set=
ac_cv_env_PKG_CONFIG_LIBDIR_value=
ac_cv_env_PKG_CONFIG_PATH_set=
ac_cv_env_PKG_CONFIG_PATH_value=
ac_cv_env_PKG_CONFIG_set=
ac_cv_env_PKG_CONFIG_value=
ac_cv_env_ZLIB_CFLAGS_set=
ac_cv_env_ZLIB_CFLAGS_value=
ac_cv_env_ZLIB_LIBS_set=
ac_cv_env_ZLIB_LIBS_value=
ac_cv_env_build_alias_set=
ac_cv_env_build_alias_value=
ac_cv_env_host_alias_set=set
ac_cv_env_host_alias_value=arm-buildroot-linux-gnueabihf
ac_cv_env_target_alias_set=
ac_cv_env_target_alias_value=
ac_cv_func_getpagesize=yes
ac_cv_func_mmap_fixed_mapped=yes
ac_cv_have_decl_munmap=yes
ac_cv_header_bzlib_h=yes
ac_cv_header_dlfcn_h=yes
ac_cv_header_fcntl_h=yes
ac_cv_header_inttypes_h=yes
ac_cv_header_stdint_h=yes
ac_cv_header_stdio_h=yes
ac_cv_header_stdlib_h=yes
ac_cv_header_string_h=yes
ac_cv_header_strings_h=yes
ac_cv_header_sys_param_h=yes
ac_cv_header_sys_stat_h=yes
ac_cv_header_sys_types_h=yes
ac_cv_header_unistd_h=yes
ac_cv_header_windows_h=no
ac_cv_host=arm-buildroot-linux-gnueabihf
ac_cv_lib_bz2_BZ2_bzDecompress=yes
ac_cv_objext=o
ac_cv_path_EGREP='/usr/bin/grep -E'
ac_cv_path_EGREP_TRADITIONAL='/usr/bin/grep -E'
ac_cv_path_FGREP='/usr/bin/grep -F'
ac_cv_path_GREP=/usr/bin/grep
ac_cv_path_SED=/usr/bin/sed
ac_cv_path_ac_pt_PKG_CONFIG=/usr/bin/pkg-config
ac_cv_path_install='/usr/bin/install -c'
ac_cv_path_lt_DD=/usr/bin/dd
ac_cv_path_mkdir=/usr/bin/mkdir
ac_cv_prog_AR=arm-buildroot-linux-gnueabihf-ar
ac_cv_prog_AWK=gawk
ac_cv_prog_CC=arm-buildroot-linux-gnueabihf-gcc
ac_cv_prog_CC_BUILD=gcc
ac_cv_prog_CPP='arm-buildroot-linux-gnueabihf-gcc -E'
ac_cv_prog_OBJDUMP=arm-buildroot-linux-gnueabihf-objdump
ac_cv_prog_PYTHON=python3
ac_cv_prog_RANLIB=arm-buildroot-linux-gnueabihf-ranlib
ac_cv_prog_STRIP=arm-buildroot-linux-gnueabihf-strip
ac_cv_prog_ac_ct_FILECMD=file
ac_cv_prog_ac_ct_MANIFEST_TOOL=mt
ac_cv_prog_cc_c11=
ac_cv_prog_cc_g=yes
ac_cv_prog_cc_stdc=
ac_cv_prog_have_libpng=no
ac_cv_search_clock_gettime='none required'
ac_cv_sys_largefile_opts=-D_FILE_OFFSET_BITS=64
ac_cv_target=arm-buildroot-linux-gnueabihf
ax_cv_PTHREAD_CLANG=no
ax_cv_PTHREAD_JOINABLE_ATTR=PTHREAD_CREATE_JOINABLE
ax_cv_PTHREAD_PRIO_INHERIT=yes
ax_cv_PTHREAD_SPECIAL_FLAGS=no
lt_cv_ar_at_file=@
lt_cv_archive_cmds_need_lc=no
lt_cv_deplibs_check_method=pass_all
lt_cv_file_magic_cmd='$MAGIC_CMD'
lt_cv_file_magic_test_file=
lt_cv_ld_reload_flag=-r
lt_cv_nm_interface='BSD nm'
lt_cv_objdir=.libs
lt_cv_path_LD=/home/zlj/Codes/100ask_imx6ull-sdk/ToolChain/arm-buildroot-linux-gnueabihf_sdk-buildroot/arm-buildroot-linux-gnueabihf/bin/ld
lt_cv_path_NM='/home/zlj/Codes/100ask_imx6ull-sdk/ToolChain/arm-buildroot-linux-gnueabihf_sdk-buildroot/bin/arm-buildroot-linux-gnueabihf-nm -B'
lt_cv_path_mainfest_tool=no
lt_cv_prog_compiler_c_o=yes
lt_cv_prog_compiler_pic='-fPIC -DPIC'
lt_cv_prog_compiler_pic_works=yes
lt_cv_prog_compiler_rtti_exceptions=no
lt_cv_prog_compiler_static_works=yes
lt_cv_prog_gnu_ld=yes
lt_cv_sharedlib_from_linklib_cmd='printf %s\n'
lt_cv_shlibpath_overrides_runpath=no
lt_cv_sys_global_symbol_pipe='/usr/bin/sed -n -e '\''s/^.*[	 ]\([ABCDGIRSTW][ABCDGIRSTW]*\)[	 ][	 ]*\([_A-Za-z][_A-Za-z0-9]*\)$/\1 \2 \2/p'\'' | /usr/bin/sed '\''/ __gnu_lto/d'\'''
lt_cv_sys_global_symbol_to_c_name_address='/usr/bin/sed -n -e '\''s/^: \(.*\) .*$/  {"\1", (void *) 0},/p'\'' -e '\''s/^[ABCDGIRSTW][ABCDGIRSTW]* .* \(.*\)$/  {"\1", (void *) \&\1},/p'\'''
lt_cv_sys_global_symbol_to_c_name_address_lib_prefix='/usr/bin/sed -n -e '\''s/^: \(.*\) .*$/  {"\1", (void *) 0},/p'\'' -e '\''s/^[ABCDGIRSTW][ABCDGIRSTW]* .* \(lib.*\)$/  {"\1", (void *) \&\1},/p'\'' -e '\''s/^[ABCDGIRSTW][ABCDGIRSTW]* .* \(.*\)$/  {"lib\1", (void *) \&\1},/p'\'''
lt_cv_sys_global_symbol_to_cdecl='/usr/bin/sed -n -e '\''s/^T .* \(.*\)$/extern int \1();/p'\'' -e '\''s/^[ABCDGIRSTW][ABCDGIRSTW]* .* \(.*\)$/extern char \1;/p'\'''
lt_cv_sys_global_symbol_to_import=
lt_cv_sys_max_cmd_len=1572864
lt_cv_to_host_file_cmd=func_convert_file_noop
lt_cv_to_tool_file_cmd=func_convert_file_noop
lt_cv_truncate_bin='/usr/bin/dd bs=4096 count=1'
pkg_cv_ZLIB_CFLAGS=
pkg_cv_ZLIB_LIBS=-lz

## ----------------- ##
## Output variables. ##
## ----------------- ##

AR='arm-buildroot-linux-gnueabihf-ar'
AS='as'
AWK='gawk'
BROTLI_CFLAGS=''
BROTLI_LIBS=''
BZIP2_CFLAGS=''
BZIP2_LIBS='-lbz2'
CC='arm-buildroot-linux-gnueabihf-gcc'
CC_BUILD='gcc'
CFLAGS='-g -O2 -fvisibility=hidden   -pthread'
CPP='arm-buildroot-linux-gnueabihf-gcc -E'
CPPFLAGS=''
DEFS='-DHAVE_CONFIG_H'
DLLTOOL='false'
DSYMUTIL=''
DUMPBIN=''
ECHO_C=''
ECHO_N='-n'
ECHO_T=''
EGREP='/usr/bin/grep -E'
EXEEXT=''
EXEEXT_BUILD=''
FGREP='/usr/bin/grep -F'
FILECMD='file'
FTSYS_SRC='$(PLATFORM_DIR)/ftsystem.c'
FT_DEMO_CFLAGS=''
FT_DEMO_LDFLAGS=''
GREP='/usr/bin/grep'
HARFBUZZ_CFLAGS=''
HARFBUZZ_LIBS=''
INSTALL_DATA='${INSTALL} -m 644'
INSTALL_FT2_CONFIG='FALSE'
INSTALL_PROGRAM='${INSTALL}'
INSTALL_SCRIPT='${INSTALL}'
LD='/home/zlj/Codes/100ask_imx6ull-sdk/ToolChain/arm-buildroot-linux-gnueabihf_sdk-buildroot/arm-buildroot-linux-gnueabihf/bin/ld'
LDFLAGS=' -lz -lbz2 -pthread -lpthread'
LIBOBJS=''
LIBPNG_CFLAGS=''
LIBPNG_LIBS=''
LIBRSVG_CFLAGS=''
LIBRSVG_LIBS=''
LIBS=''
LIBSSTATIC_CONFIG='-lfreetype -lz -lbz2'
LIBTOOL='$(SHELL) $(top_builddir)/libtool'
LIPO=''
LN_S='ln -s'
LTLIBOBJS=''
LT_SYS_LIBRARY_PATH=''
MANIFEST_TOOL=':'
MKDIR_P='/usr/bin/mkdir -p'
NM='/home/zlj/Codes/100ask_imx6ull-sdk/ToolChain/arm-buildroot-linux-gnueabihf_sdk-buildroot/bin/arm-buildroot-linux-gnueabihf-nm -B'
NMEDIT=''
OBJDUMP='arm-buildroot-linux-gnueabihf-objdump'
OBJEXT='o'
OTOOL64=''
OTOOL=''
PACKAGE_BUGREPORT='freetype@nongnu.org'
PACKAGE_NAME='FreeType'
PACKAGE_STRING='FreeType 2.13.3'
PACKAGE_TARNAME='freetype'
PACKAGE_URL=''
PACKAGE_VERSION='2.13.3'
PATH_SEPARATOR=':'
PKGCONFIG_LIBS='-L${libdir} -lfreetype'
PKGCONFIG_LIBS_PRIVATE='-lbz2'
PKGCONFIG_REQUIRES=''
PKGCONFIG_REQUIRES_PRIVATE='zlib'
PKG_CONFIG='/usr/bin/pkg-config'
PKG_CONFIG_LIBDIR=''
PKG_CONFIG_PATH=''
PTHREAD_CC='arm-buildroot-linux-gnueabihf-gcc'
PTHREAD_CFLAGS='-pthread'
PTHREAD_CXX=''
PTHREAD_LIBS='-lpthread'
PYTHON='python3'
PYTHON_VERSION='3.8.10'
RANLIB='arm-buildroot-linux-gnueabihf-ranlib'
RC=''
SED='/usr/bin/sed'
SHELL='/bin/bash'
STRIP='arm-buildroot-linux-gnueabihf-strip'
SYSTEM_ZLIB='yes'
XX_ANSIFLAGS=' -pedantic -std=c99'
XX_CFLAGS='-Wall'
ZLIB_CFLAGS=''
ZLIB_LIBS='-lz'
ac_ct_AR=''
ac_ct_CC=''
ac_ct_DUMPBIN=''
ax_pthread_config=''
bindir='${exec_prefix}/bin'
build='x86_64-pc-linux-gnu'
build_alias=''
build_cpu='x86_64'
build_libtool_libs=''
build_os='linux-gnu'
build_vendor='pc'
datadir='${datarootdir}'
datarootdir='${prefix}/share'
docdir='${datarootdir}/doc/${PACKAGE_TARNAME}'
dvidir='${docdir}'
exec_prefix='${prefix}'
ft_version='26.2.20'
ftmac_c=''
hardcode_libdir_flag_spec='$wl-rpath $wl$libdir'
have_libpng='no'
host='arm-buildroot-linux-gnueabihf'
host_alias='arm-buildroot-linux-gnueabihf'
host_cpu='arm'
host_os='linux-gnueabihf'
host_vendor='buildroot'
htmldir='${docdir}'
includedir='${prefix}/include'
infodir='${datarootdir}/info'
libdir='${exec_prefix}/lib'
libexecdir='${exec_prefix}/libexec'
localedir='${datarootdir}/locale'
localstatedir='${prefix}/var'
mandir='${datarootdir}/man'
oldincludedir='/usr/include'
pdfdir='${docdir}'
prefix='/home/zlj/zljgit/kerneltravel/Courses/Embedded_Linux_application_development/writing_APP_to_operate_hardware/FreeType/freetype-2.13.3/tmp'
program_transform_name='s,x,x,'
psdir='${docdir}'
runstatedir='${localstatedir}/run'
sbindir='${exec_prefix}/sbin'
sharedstatedir='${prefix}/com'
sysconfdir='${prefix}/etc'
target='arm-buildroot-linux-gnueabihf'
target_alias=''
target_cpu='arm'
target_os='linux-gnueabihf'
target_vendor='buildroot'
version_info='26:2:20'
wl='-Wl,'

## ----------- ##
## confdefs.h. ##
## ----------- ##

/* confdefs.h */
#define PACKAGE_NAME "FreeType"
#define PACKAGE_TARNAME "freetype"
#define PACKAGE_VERSION "2.13.3"
#define PACKAGE_STRING "FreeType 2.13.3"
#define PACKAGE_BUGREPORT "freetype@nongnu.org"
#define PACKAGE_URL ""
#define HAVE_STDIO_H 1
#define HAVE_STDLIB_H 1
#define HAVE_STRING_H 1
#define HAVE_INTTYPES_H 1
#define HAVE_STDINT_H 1
#define HAVE_STRINGS_H 1
#define HAVE_SYS_STAT_H 1
#define HAVE_SYS_TYPES_H 1
#define HAVE_UNISTD_H 1
#define HAVE_SYS_PARAM_H 1
#define STDC_HEADERS 1
#define HAVE_DLFCN_H 1
#define LT_OBJDIR ".libs/"
#define HAVE_FCNTL_H 1
#define HAVE_UNISTD_H 1
#define _FILE_OFFSET_BITS 64
#define HAVE_GETPAGESIZE 1
#define HAVE_MMAP 1
#define HAVE_DECL_MUNMAP 1
#define MUNMAP_USES_VOIDP /**/
#define HAVE_PTHREAD_PRIO_INHERIT 1

configure: exit 0
